[2012-04-29 13:15:42] event.DEBUG: Notified event "kernel.request" to listener "Symfony\Bundle\FrameworkBundle\EventListener\RouterListener::onEarlyKernelRequest". [] []
[2012-04-29 13:15:42] event.DEBUG: Notified event "kernel.request" to listener "Symfony\Bundle\FrameworkBundle\EventListener\SessionListener::onKernelRequest". [] []
[2012-04-29 13:15:42] event.DEBUG: Notified event "kernel.request" to listener "Symfony\Component\Security\Http\Firewall::onKernelRequest". [] []
[2012-04-29 13:15:42] security.DEBUG: Read SecurityContext from the session [] []
[2012-04-29 13:15:42] security.DEBUG: Reloading user from user provider. [] []
[2012-04-29 13:15:42] doctrine.DEBUG: SET NAMES UTF8 ([]) [] []
[2012-04-29 13:15:42] doctrine.DEBUG: SELECT t0.username AS username1, t0.username_canonical AS username_canonical2, t0.email AS email3, t0.email_canonical AS email_canonical4, t0.enabled AS enabled5, t0.salt AS salt6, t0.password AS password7, t0.last_login AS last_login8, t0.locked AS locked9, t0.expired AS expired10, t0.expires_at AS expires_at11, t0.confirmation_token AS confirmation_token12, t0.password_requested_at AS password_requested_at13, t0.roles AS roles14, t0.credentials_expired AS credentials_expired15, t0.credentials_expire_at AS credentials_expire_at16, t0.id AS id17, t0.first_name AS first_name18, t0.role AS role19, t0.last_name AS last_name20 FROM user t0 WHERE t0.username_canonical = ? (["a@mail.ru"]) [] []
[2012-04-29 13:15:42] security.DEBUG: Username "a@mail.ru" was reloaded from user provider. [] []
[2012-04-29 13:15:42] event.DEBUG: Notified event "kernel.request" to listener "Symfony\Bundle\FrameworkBundle\EventListener\RouterListener::onKernelRequest". [] []
[2012-04-29 13:15:42] event.DEBUG: Notified event "kernel.exception" to listener "Symfony\Component\Security\Http\Firewall\ExceptionListener::onKernelException". [] []
[2012-04-29 13:15:42] event.DEBUG: Notified event "kernel.exception" to listener "Symfony\Component\HttpKernel\EventListener\ExceptionListener::onKernelException". [] []
[2012-04-29 13:15:42] request.ERROR: Symfony\Component\HttpKernel\Exception\NotFoundHttpException: No route found for "GET /" (uncaught exception) at /var/www/Symfony/app/cache/prod/classes.php line 4564 [] []
[2012-04-29 13:15:42] event.DEBUG: Notified event "kernel.request" to listener "Symfony\Bundle\FrameworkBundle\EventListener\RouterListener::onEarlyKernelRequest". [] []
[2012-04-29 13:15:42] event.DEBUG: Notified event "kernel.request" to listener "Symfony\Bundle\FrameworkBundle\EventListener\SessionListener::onKernelRequest". [] []
[2012-04-29 13:15:42] event.DEBUG: Notified event "kernel.request" to listener "Symfony\Component\Security\Http\Firewall::onKernelRequest". [] []
[2012-04-29 13:15:42] event.DEBUG: Notified event "kernel.request" to listener "Symfony\Bundle\FrameworkBundle\EventListener\RouterListener::onKernelRequest". [] []
[2012-04-29 13:15:42] event.DEBUG: Notified event "kernel.controller" to listener "Sensio\Bundle\FrameworkExtraBundle\EventListener\ControllerListener::onKernelController". [] []
[2012-04-29 13:15:42] event.DEBUG: Notified event "kernel.controller" to listener "Sensio\Bundle\FrameworkExtraBundle\EventListener\ParamConverterListener::onKernelController". [] []
[2012-04-29 13:15:42] event.DEBUG: Notified event "kernel.controller" to listener "Sensio\Bundle\FrameworkExtraBundle\EventListener\TemplateListener::onKernelController". [] []
[2012-04-29 13:15:42] event.DEBUG: Notified event "kernel.controller" to listener "JMS\SecurityExtraBundle\Controller\ControllerListener::onCoreController". [] []
[2012-04-29 13:15:43] event.DEBUG: Notified event "kernel.response" to listener "Symfony\Component\Security\Http\Firewall\ContextListener::onKernelResponse". [] []
[2012-04-29 13:15:43] event.DEBUG: Notified event "kernel.response" to listener "Symfony\Component\HttpKernel\EventListener\ResponseListener::onKernelResponse". [] []
[2012-04-29 13:15:43] event.DEBUG: Notified event "kernel.response" to listener "Symfony\Bundle\SecurityBundle\EventListener\ResponseListener::onKernelResponse". [] []
[2012-04-29 13:15:43] event.DEBUG: Notified event "kernel.response" to listener "Sensio\Bundle\FrameworkExtraBundle\EventListener\CacheListener::onKernelResponse". [] []
[2012-04-29 13:15:43] event.DEBUG: Listener "Symfony\Component\HttpKernel\EventListener\ExceptionListener::onKernelException" stopped propagation of the event "kernel.exception". [] []
[2012-04-29 13:15:43] event.DEBUG: Notified event "kernel.response" to listener "Symfony\Component\Security\Http\Firewall\ContextListener::onKernelResponse". [] []
[2012-04-29 13:15:43] security.DEBUG: Write SecurityContext in the session [] []
[2012-04-29 13:15:43] event.DEBUG: Notified event "kernel.response" to listener "Symfony\Component\HttpKernel\EventListener\ResponseListener::onKernelResponse". [] []
[2012-04-29 13:15:43] event.DEBUG: Notified event "kernel.response" to listener "Symfony\Bundle\SecurityBundle\EventListener\ResponseListener::onKernelResponse". [] []
[2012-04-29 13:15:43] event.DEBUG: Notified event "kernel.response" to listener "Sensio\Bundle\FrameworkExtraBundle\EventListener\CacheListener::onKernelResponse". [] []
[2012-04-29 13:19:22] event.DEBUG: Notified event "kernel.request" to listener "Symfony\Bundle\FrameworkBundle\EventListener\RouterListener::onEarlyKernelRequest". [] []
[2012-04-29 13:19:22] event.DEBUG: Notified event "kernel.request" to listener "Symfony\Bundle\FrameworkBundle\EventListener\SessionListener::onKernelRequest". [] []
[2012-04-29 13:19:22] event.DEBUG: Notified event "kernel.request" to listener "Symfony\Component\Security\Http\Firewall::onKernelRequest". [] []
[2012-04-29 13:19:22] security.DEBUG: Read SecurityContext from the session [] []
[2012-04-29 13:19:22] security.DEBUG: Reloading user from user provider. [] []
[2012-04-29 13:19:22] doctrine.DEBUG: SET NAMES UTF8 ([]) [] []
[2012-04-29 13:19:22] doctrine.DEBUG: SELECT t0.username AS username1, t0.username_canonical AS username_canonical2, t0.email AS email3, t0.email_canonical AS email_canonical4, t0.enabled AS enabled5, t0.salt AS salt6, t0.password AS password7, t0.last_login AS last_login8, t0.locked AS locked9, t0.expired AS expired10, t0.expires_at AS expires_at11, t0.confirmation_token AS confirmation_token12, t0.password_requested_at AS password_requested_at13, t0.roles AS roles14, t0.credentials_expired AS credentials_expired15, t0.credentials_expire_at AS credentials_expire_at16, t0.id AS id17, t0.first_name AS first_name18, t0.role AS role19, t0.last_name AS last_name20 FROM user t0 WHERE t0.username_canonical = ? (["a@mail.ru"]) [] []
[2012-04-29 13:19:22] security.DEBUG: Username "a@mail.ru" was reloaded from user provider. [] []
[2012-04-29 13:19:22] event.DEBUG: Notified event "kernel.request" to listener "Symfony\Bundle\FrameworkBundle\EventListener\RouterListener::onKernelRequest". [] []
[2012-04-29 13:19:22] event.DEBUG: Notified event "kernel.exception" to listener "Symfony\Component\Security\Http\Firewall\ExceptionListener::onKernelException". [] []
[2012-04-29 13:19:22] event.DEBUG: Notified event "kernel.exception" to listener "Symfony\Component\HttpKernel\EventListener\ExceptionListener::onKernelException". [] []
[2012-04-29 13:19:22] request.ERROR: Symfony\Component\HttpKernel\Exception\NotFoundHttpException: No route found for "GET /" (uncaught exception) at /var/www/Symfony/app/cache/prod/classes.php line 4564 [] []
[2012-04-29 13:19:22] event.DEBUG: Notified event "kernel.request" to listener "Symfony\Bundle\FrameworkBundle\EventListener\RouterListener::onEarlyKernelRequest". [] []
[2012-04-29 13:19:22] event.DEBUG: Notified event "kernel.request" to listener "Symfony\Bundle\FrameworkBundle\EventListener\SessionListener::onKernelRequest". [] []
[2012-04-29 13:19:22] event.DEBUG: Notified event "kernel.request" to listener "Symfony\Component\Security\Http\Firewall::onKernelRequest". [] []
[2012-04-29 13:19:22] event.DEBUG: Notified event "kernel.request" to listener "Symfony\Bundle\FrameworkBundle\EventListener\RouterListener::onKernelRequest". [] []
[2012-04-29 13:19:22] event.DEBUG: Notified event "kernel.controller" to listener "Sensio\Bundle\FrameworkExtraBundle\EventListener\ControllerListener::onKernelController". [] []
[2012-04-29 13:19:22] event.DEBUG: Notified event "kernel.controller" to listener "Sensio\Bundle\FrameworkExtraBundle\EventListener\ParamConverterListener::onKernelController". [] []
[2012-04-29 13:19:22] event.DEBUG: Notified event "kernel.controller" to listener "Sensio\Bundle\FrameworkExtraBundle\EventListener\TemplateListener::onKernelController". [] []
[2012-04-29 13:19:22] event.DEBUG: Notified event "kernel.controller" to listener "JMS\SecurityExtraBundle\Controller\ControllerListener::onCoreController". [] []
[2012-04-29 13:19:23] event.DEBUG: Notified event "kernel.response" to listener "Symfony\Component\Security\Http\Firewall\ContextListener::onKernelResponse". [] []
[2012-04-29 13:19:23] event.DEBUG: Notified event "kernel.response" to listener "Symfony\Component\HttpKernel\EventListener\ResponseListener::onKernelResponse". [] []
[2012-04-29 13:19:23] event.DEBUG: Notified event "kernel.response" to listener "Symfony\Bundle\SecurityBundle\EventListener\ResponseListener::onKernelResponse". [] []
[2012-04-29 13:19:23] event.DEBUG: Notified event "kernel.response" to listener "Sensio\Bundle\FrameworkExtraBundle\EventListener\CacheListener::onKernelResponse". [] []
[2012-04-29 13:19:23] event.DEBUG: Listener "Symfony\Component\HttpKernel\EventListener\ExceptionListener::onKernelException" stopped propagation of the event "kernel.exception". [] []
[2012-04-29 13:19:23] event.DEBUG: Notified event "kernel.response" to listener "Symfony\Component\Security\Http\Firewall\ContextListener::onKernelResponse". [] []
[2012-04-29 13:19:23] security.DEBUG: Write SecurityContext in the session [] []
[2012-04-29 13:19:23] event.DEBUG: Notified event "kernel.response" to listener "Symfony\Component\HttpKernel\EventListener\ResponseListener::onKernelResponse". [] []
[2012-04-29 13:19:23] event.DEBUG: Notified event "kernel.response" to listener "Symfony\Bundle\SecurityBundle\EventListener\ResponseListener::onKernelResponse". [] []
[2012-04-29 13:19:23] event.DEBUG: Notified event "kernel.response" to listener "Sensio\Bundle\FrameworkExtraBundle\EventListener\CacheListener::onKernelResponse". [] []
[2012-04-29 13:20:23] event.DEBUG: Notified event "kernel.request" to listener "Symfony\Bundle\FrameworkBundle\EventListener\RouterListener::onEarlyKernelRequest". [] []
[2012-04-29 13:20:23] event.DEBUG: Notified event "kernel.request" to listener "Symfony\Bundle\FrameworkBundle\EventListener\SessionListener::onKernelRequest". [] []
[2012-04-29 13:20:23] event.DEBUG: Notified event "kernel.request" to listener "Symfony\Component\Security\Http\Firewall::onKernelRequest". [] []
[2012-04-29 13:20:23] security.DEBUG: Read SecurityContext from the session [] []
[2012-04-29 13:20:23] security.DEBUG: Reloading user from user provider. [] []
[2012-04-29 13:20:23] doctrine.DEBUG: SET NAMES UTF8 ([]) [] []
[2012-04-29 13:20:23] doctrine.DEBUG: SELECT t0.username AS username1, t0.username_canonical AS username_canonical2, t0.email AS email3, t0.email_canonical AS email_canonical4, t0.enabled AS enabled5, t0.salt AS salt6, t0.password AS password7, t0.last_login AS last_login8, t0.locked AS locked9, t0.expired AS expired10, t0.expires_at AS expires_at11, t0.confirmation_token AS confirmation_token12, t0.password_requested_at AS password_requested_at13, t0.roles AS roles14, t0.credentials_expired AS credentials_expired15, t0.credentials_expire_at AS credentials_expire_at16, t0.id AS id17, t0.first_name AS first_name18, t0.role AS role19, t0.last_name AS last_name20 FROM user t0 WHERE t0.username_canonical = ? (["a@mail.ru"]) [] []
[2012-04-29 13:20:23] security.DEBUG: Username "a@mail.ru" was reloaded from user provider. [] []
[2012-04-29 13:20:23] event.DEBUG: Notified event "kernel.request" to listener "Symfony\Bundle\FrameworkBundle\EventListener\RouterListener::onKernelRequest". [] []
[2012-04-29 13:20:23] event.DEBUG: Notified event "kernel.exception" to listener "Symfony\Component\Security\Http\Firewall\ExceptionListener::onKernelException". [] []
[2012-04-29 13:20:23] event.DEBUG: Notified event "kernel.exception" to listener "Symfony\Component\HttpKernel\EventListener\ExceptionListener::onKernelException". [] []
[2012-04-29 13:20:23] request.ERROR: Symfony\Component\HttpKernel\Exception\NotFoundHttpException: No route found for "GET /" (uncaught exception) at /var/www/Symfony/app/cache/prod/classes.php line 4564 [] []
[2012-04-29 13:20:23] event.DEBUG: Notified event "kernel.request" to listener "Symfony\Bundle\FrameworkBundle\EventListener\RouterListener::onEarlyKernelRequest". [] []
[2012-04-29 13:20:23] event.DEBUG: Notified event "kernel.request" to listener "Symfony\Bundle\FrameworkBundle\EventListener\SessionListener::onKernelRequest". [] []
[2012-04-29 13:20:23] event.DEBUG: Notified event "kernel.request" to listener "Symfony\Component\Security\Http\Firewall::onKernelRequest". [] []
[2012-04-29 13:20:23] event.DEBUG: Notified event "kernel.request" to listener "Symfony\Bundle\FrameworkBundle\EventListener\RouterListener::onKernelRequest". [] []
[2012-04-29 13:20:23] event.DEBUG: Notified event "kernel.controller" to listener "Sensio\Bundle\FrameworkExtraBundle\EventListener\ControllerListener::onKernelController". [] []
[2012-04-29 13:20:23] event.DEBUG: Notified event "kernel.controller" to listener "Sensio\Bundle\FrameworkExtraBundle\EventListener\ParamConverterListener::onKernelController". [] []
[2012-04-29 13:20:23] event.DEBUG: Notified event "kernel.controller" to listener "Sensio\Bundle\FrameworkExtraBundle\EventListener\TemplateListener::onKernelController". [] []
[2012-04-29 13:20:23] event.DEBUG: Notified event "kernel.controller" to listener "JMS\SecurityExtraBundle\Controller\ControllerListener::onCoreController". [] []
[2012-04-29 13:20:23] event.DEBUG: Notified event "kernel.response" to listener "Symfony\Component\Security\Http\Firewall\ContextListener::onKernelResponse". [] []
[2012-04-29 13:20:23] event.DEBUG: Notified event "kernel.response" to listener "Symfony\Component\HttpKernel\EventListener\ResponseListener::onKernelResponse". [] []
[2012-04-29 13:20:23] event.DEBUG: Notified event "kernel.response" to listener "Symfony\Bundle\SecurityBundle\EventListener\ResponseListener::onKernelResponse". [] []
[2012-04-29 13:20:23] event.DEBUG: Notified event "kernel.response" to listener "Sensio\Bundle\FrameworkExtraBundle\EventListener\CacheListener::onKernelResponse". [] []
[2012-04-29 13:20:23] event.DEBUG: Listener "Symfony\Component\HttpKernel\EventListener\ExceptionListener::onKernelException" stopped propagation of the event "kernel.exception". [] []
[2012-04-29 13:20:23] event.DEBUG: Notified event "kernel.response" to listener "Symfony\Component\Security\Http\Firewall\ContextListener::onKernelResponse". [] []
[2012-04-29 13:20:23] security.DEBUG: Write SecurityContext in the session [] []
[2012-04-29 13:20:23] event.DEBUG: Notified event "kernel.response" to listener "Symfony\Component\HttpKernel\EventListener\ResponseListener::onKernelResponse". [] []
[2012-04-29 13:20:23] event.DEBUG: Notified event "kernel.response" to listener "Symfony\Bundle\SecurityBundle\EventListener\ResponseListener::onKernelResponse". [] []
[2012-04-29 13:20:23] event.DEBUG: Notified event "kernel.response" to listener "Sensio\Bundle\FrameworkExtraBundle\EventListener\CacheListener::onKernelResponse". [] []
[2012-04-29 13:21:28] event.DEBUG: Notified event "kernel.request" to listener "Symfony\Bundle\FrameworkBundle\EventListener\RouterListener::onEarlyKernelRequest". [] []
[2012-04-29 13:21:28] event.DEBUG: Notified event "kernel.request" to listener "Symfony\Bundle\FrameworkBundle\EventListener\SessionListener::onKernelRequest". [] []
[2012-04-29 13:21:28] event.DEBUG: Notified event "kernel.request" to listener "Symfony\Component\Security\Http\Firewall::onKernelRequest". [] []
[2012-04-29 13:21:28] security.DEBUG: Read SecurityContext from the session [] []
[2012-04-29 13:21:28] security.DEBUG: Reloading user from user provider. [] []
[2012-04-29 13:21:28] doctrine.DEBUG: SET NAMES UTF8 ([]) [] []
[2012-04-29 13:21:28] doctrine.DEBUG: SELECT t0.username AS username1, t0.username_canonical AS username_canonical2, t0.email AS email3, t0.email_canonical AS email_canonical4, t0.enabled AS enabled5, t0.salt AS salt6, t0.password AS password7, t0.last_login AS last_login8, t0.locked AS locked9, t0.expired AS expired10, t0.expires_at AS expires_at11, t0.confirmation_token AS confirmation_token12, t0.password_requested_at AS password_requested_at13, t0.roles AS roles14, t0.credentials_expired AS credentials_expired15, t0.credentials_expire_at AS credentials_expire_at16, t0.id AS id17, t0.first_name AS first_name18, t0.role AS role19, t0.last_name AS last_name20 FROM user t0 WHERE t0.username_canonical = ? (["a@mail.ru"]) [] []
[2012-04-29 13:21:28] security.DEBUG: Username "a@mail.ru" was reloaded from user provider. [] []
[2012-04-29 13:21:28] event.DEBUG: Notified event "kernel.request" to listener "Symfony\Bundle\FrameworkBundle\EventListener\RouterListener::onKernelRequest". [] []
[2012-04-29 13:21:28] event.DEBUG: Notified event "kernel.exception" to listener "Symfony\Component\Security\Http\Firewall\ExceptionListener::onKernelException". [] []
[2012-04-29 13:21:28] event.DEBUG: Notified event "kernel.exception" to listener "Symfony\Component\HttpKernel\EventListener\ExceptionListener::onKernelException". [] []
[2012-04-29 13:21:28] request.ERROR: Symfony\Component\HttpKernel\Exception\NotFoundHttpException: No route found for "GET /" (uncaught exception) at /var/www/Symfony/app/cache/prod/classes.php line 4564 [] []
[2012-04-29 13:21:28] event.DEBUG: Notified event "kernel.request" to listener "Symfony\Bundle\FrameworkBundle\EventListener\RouterListener::onEarlyKernelRequest". [] []
[2012-04-29 13:21:28] event.DEBUG: Notified event "kernel.request" to listener "Symfony\Bundle\FrameworkBundle\EventListener\SessionListener::onKernelRequest". [] []
[2012-04-29 13:21:28] event.DEBUG: Notified event "kernel.request" to listener "Symfony\Component\Security\Http\Firewall::onKernelRequest". [] []
[2012-04-29 13:21:28] event.DEBUG: Notified event "kernel.request" to listener "Symfony\Bundle\FrameworkBundle\EventListener\RouterListener::onKernelRequest". [] []
[2012-04-29 13:21:28] event.DEBUG: Notified event "kernel.controller" to listener "Sensio\Bundle\FrameworkExtraBundle\EventListener\ControllerListener::onKernelController". [] []
[2012-04-29 13:21:28] event.DEBUG: Notified event "kernel.controller" to listener "Sensio\Bundle\FrameworkExtraBundle\EventListener\ParamConverterListener::onKernelController". [] []
[2012-04-29 13:21:28] event.DEBUG: Notified event "kernel.controller" to listener "Sensio\Bundle\FrameworkExtraBundle\EventListener\TemplateListener::onKernelController". [] []
[2012-04-29 13:21:28] event.DEBUG: Notified event "kernel.controller" to listener "JMS\SecurityExtraBundle\Controller\ControllerListener::onCoreController". [] []
[2012-04-29 13:21:29] event.DEBUG: Notified event "kernel.response" to listener "Symfony\Component\Security\Http\Firewall\ContextListener::onKernelResponse". [] []
[2012-04-29 13:21:29] event.DEBUG: Notified event "kernel.response" to listener "Symfony\Component\HttpKernel\EventListener\ResponseListener::onKernelResponse". [] []
[2012-04-29 13:21:29] event.DEBUG: Notified event "kernel.response" to listener "Symfony\Bundle\SecurityBundle\EventListener\ResponseListener::onKernelResponse". [] []
[2012-04-29 13:21:29] event.DEBUG: Notified event "kernel.response" to listener "Sensio\Bundle\FrameworkExtraBundle\EventListener\CacheListener::onKernelResponse". [] []
[2012-04-29 13:21:29] event.DEBUG: Listener "Symfony\Component\HttpKernel\EventListener\ExceptionListener::onKernelException" stopped propagation of the event "kernel.exception". [] []
[2012-04-29 13:21:29] event.DEBUG: Notified event "kernel.response" to listener "Symfony\Component\Security\Http\Firewall\ContextListener::onKernelResponse". [] []
[2012-04-29 13:21:29] security.DEBUG: Write SecurityContext in the session [] []
[2012-04-29 13:21:29] event.DEBUG: Notified event "kernel.response" to listener "Symfony\Component\HttpKernel\EventListener\ResponseListener::onKernelResponse". [] []
[2012-04-29 13:21:29] event.DEBUG: Notified event "kernel.response" to listener "Symfony\Bundle\SecurityBundle\EventListener\ResponseListener::onKernelResponse". [] []
[2012-04-29 13:21:29] event.DEBUG: Notified event "kernel.response" to listener "Sensio\Bundle\FrameworkExtraBundle\EventListener\CacheListener::onKernelResponse". [] []
[2012-04-29 13:21:30] event.DEBUG: Notified event "kernel.request" to listener "Symfony\Bundle\FrameworkBundle\EventListener\RouterListener::onEarlyKernelRequest". [] []
[2012-04-29 13:21:30] event.DEBUG: Notified event "kernel.request" to listener "Symfony\Bundle\FrameworkBundle\EventListener\SessionListener::onKernelRequest". [] []
[2012-04-29 13:21:30] event.DEBUG: Notified event "kernel.request" to listener "Symfony\Component\Security\Http\Firewall::onKernelRequest". [] []
[2012-04-29 13:21:30] security.DEBUG: Read SecurityContext from the session [] []
[2012-04-29 13:21:30] security.DEBUG: Reloading user from user provider. [] []
[2012-04-29 13:21:30] doctrine.DEBUG: SET NAMES UTF8 ([]) [] []
[2012-04-29 13:21:30] doctrine.DEBUG: SELECT t0.username AS username1, t0.username_canonical AS username_canonical2, t0.email AS email3, t0.email_canonical AS email_canonical4, t0.enabled AS enabled5, t0.salt AS salt6, t0.password AS password7, t0.last_login AS last_login8, t0.locked AS locked9, t0.expired AS expired10, t0.expires_at AS expires_at11, t0.confirmation_token AS confirmation_token12, t0.password_requested_at AS password_requested_at13, t0.roles AS roles14, t0.credentials_expired AS credentials_expired15, t0.credentials_expire_at AS credentials_expire_at16, t0.id AS id17, t0.first_name AS first_name18, t0.role AS role19, t0.last_name AS last_name20 FROM user t0 WHERE t0.username_canonical = ? (["a@mail.ru"]) [] []
[2012-04-29 13:21:30] security.DEBUG: Username "a@mail.ru" was reloaded from user provider. [] []
[2012-04-29 13:21:30] event.DEBUG: Notified event "kernel.request" to listener "Symfony\Bundle\FrameworkBundle\EventListener\RouterListener::onKernelRequest". [] []
[2012-04-29 13:21:30] event.DEBUG: Notified event "kernel.exception" to listener "Symfony\Component\Security\Http\Firewall\ExceptionListener::onKernelException". [] []
[2012-04-29 13:21:30] event.DEBUG: Notified event "kernel.exception" to listener "Symfony\Component\HttpKernel\EventListener\ExceptionListener::onKernelException". [] []
[2012-04-29 13:21:30] request.ERROR: Symfony\Component\HttpKernel\Exception\NotFoundHttpException: No route found for "GET /" (uncaught exception) at /var/www/Symfony/app/cache/prod/classes.php line 4564 [] []
[2012-04-29 13:21:30] event.DEBUG: Notified event "kernel.request" to listener "Symfony\Bundle\FrameworkBundle\EventListener\RouterListener::onEarlyKernelRequest". [] []
[2012-04-29 13:21:30] event.DEBUG: Notified event "kernel.request" to listener "Symfony\Bundle\FrameworkBundle\EventListener\SessionListener::onKernelRequest". [] []
[2012-04-29 13:21:30] event.DEBUG: Notified event "kernel.request" to listener "Symfony\Component\Security\Http\Firewall::onKernelRequest". [] []
[2012-04-29 13:21:30] event.DEBUG: Notified event "kernel.request" to listener "Symfony\Bundle\FrameworkBundle\EventListener\RouterListener::onKernelRequest". [] []
[2012-04-29 13:21:30] event.DEBUG: Notified event "kernel.controller" to listener "Sensio\Bundle\FrameworkExtraBundle\EventListener\ControllerListener::onKernelController". [] []
[2012-04-29 13:21:30] event.DEBUG: Notified event "kernel.controller" to listener "Sensio\Bundle\FrameworkExtraBundle\EventListener\ParamConverterListener::onKernelController". [] []
[2012-04-29 13:21:30] event.DEBUG: Notified event "kernel.controller" to listener "Sensio\Bundle\FrameworkExtraBundle\EventListener\TemplateListener::onKernelController". [] []
[2012-04-29 13:21:30] event.DEBUG: Notified event "kernel.controller" to listener "JMS\SecurityExtraBundle\Controller\ControllerListener::onCoreController". [] []
[2012-04-29 13:21:30] event.DEBUG: Notified event "kernel.response" to listener "Symfony\Component\Security\Http\Firewall\ContextListener::onKernelResponse". [] []
[2012-04-29 13:21:30] event.DEBUG: Notified event "kernel.response" to listener "Symfony\Component\HttpKernel\EventListener\ResponseListener::onKernelResponse". [] []
[2012-04-29 13:21:30] event.DEBUG: Notified event "kernel.response" to listener "Symfony\Bundle\SecurityBundle\EventListener\ResponseListener::onKernelResponse". [] []
[2012-04-29 13:21:30] event.DEBUG: Notified event "kernel.response" to listener "Sensio\Bundle\FrameworkExtraBundle\EventListener\CacheListener::onKernelResponse". [] []
[2012-04-29 13:21:30] event.DEBUG: Listener "Symfony\Component\HttpKernel\EventListener\ExceptionListener::onKernelException" stopped propagation of the event "kernel.exception". [] []
[2012-04-29 13:21:30] event.DEBUG: Notified event "kernel.response" to listener "Symfony\Component\Security\Http\Firewall\ContextListener::onKernelResponse". [] []
[2012-04-29 13:21:30] security.DEBUG: Write SecurityContext in the session [] []
[2012-04-29 13:21:30] event.DEBUG: Notified event "kernel.response" to listener "Symfony\Component\HttpKernel\EventListener\ResponseListener::onKernelResponse". [] []
[2012-04-29 13:21:30] event.DEBUG: Notified event "kernel.response" to listener "Symfony\Bundle\SecurityBundle\EventListener\ResponseListener::onKernelResponse". [] []
[2012-04-29 13:21:30] event.DEBUG: Notified event "kernel.response" to listener "Sensio\Bundle\FrameworkExtraBundle\EventListener\CacheListener::onKernelResponse". [] []
